[debug] [2024-05-26T06:39:44.314Z] ----------------------------------------------------------------------
[debug] [2024-05-26T06:39:44.317Z] Command:       C:\Program Files\nodejs\node.exe C:\Users\Lenovo\AppData\Roaming\npm\node_modules\firebase-tools\lib\bin\firebase.js deploy
[debug] [2024-05-26T06:39:44.318Z] CLI Version:   13.10.1
[debug] [2024-05-26T06:39:44.318Z] Platform:      win32
[debug] [2024-05-26T06:39:44.318Z] Node Version:  v20.10.0
[debug] [2024-05-26T06:39:44.318Z] Time:          Sun May 26 2024 12:09:44 GMT+0530 (India Standard Time)
[debug] [2024-05-26T06:39:44.318Z] ----------------------------------------------------------------------
[debug] 
[debug] [2024-05-26T06:39:44.404Z] > command requires scopes: ["email","openid","https://www.googleapis.com/auth/cloudplatformprojects.readonly","https://www.googleapis.com/auth/firebase","https://www.googleapis.com/auth/cloud-platform"]
[debug] [2024-05-26T06:39:44.405Z] > authorizing via signed-in user (hari@amiti.in)
[debug] [2024-05-26T06:39:44.405Z] [iam] checking project slack-clone0-fa11d for permissions ["firebase.projects.get","firebasehosting.sites.update"]
[debug] [2024-05-26T06:39:44.408Z] >>> [apiv2][query] POST https://cloudresourcemanager.googleapis.com/v1/projects/slack-clone0-fa11d:testIamPermissions [none]
[debug] [2024-05-26T06:39:44.408Z] >>> [apiv2][(partial)header] POST https://cloudresourcemanager.googleapis.com/v1/projects/slack-clone0-fa11d:testIamPermissions x-goog-quota-user=projects/slack-clone0-fa11d
[debug] [2024-05-26T06:39:44.408Z] >>> [apiv2][body] POST https://cloudresourcemanager.googleapis.com/v1/projects/slack-clone0-fa11d:testIamPermissions {"permissions":["firebase.projects.get","firebasehosting.sites.update"]}
[debug] [2024-05-26T06:39:49.066Z] <<< [apiv2][status] POST https://cloudresourcemanager.googleapis.com/v1/projects/slack-clone0-fa11d:testIamPermissions 200
[debug] [2024-05-26T06:39:49.067Z] <<< [apiv2][body] POST https://cloudresourcemanager.googleapis.com/v1/projects/slack-clone0-fa11d:testIamPermissions {"permissions":["firebase.projects.get","firebasehosting.sites.update"]}
[debug] [2024-05-26T06:39:49.069Z] >>> [apiv2][query] GET https://firebase.googleapis.com/v1beta1/projects/slack-clone0-fa11d [none]
[debug] [2024-05-26T06:39:51.746Z] <<< [apiv2][status] GET https://firebase.googleapis.com/v1beta1/projects/slack-clone0-fa11d 200
[debug] [2024-05-26T06:39:51.746Z] <<< [apiv2][body] GET https://firebase.googleapis.com/v1beta1/projects/slack-clone0-fa11d {"projectId":"slack-clone0-fa11d","projectNumber":"866579881361","displayName":"slack-clone0","name":"projects/slack-clone0-fa11d","resources":{"hostingSite":"slack-clone0-fa11d"},"state":"ACTIVE","etag":"1_9854bcbd-36ae-418e-9b33-b5f682519747"}
[info] 
[info] === Deploying to 'slack-clone0-fa11d'...
[info] 
[info] i  deploying hosting 
[debug] [2024-05-26T06:39:51.769Z] >>> [apiv2][query] POST https://firebasehosting.googleapis.com/v1beta1/projects/-/sites/slack-clone0-fa11d/versions [none]
[debug] [2024-05-26T06:39:51.769Z] >>> [apiv2][body] POST https://firebasehosting.googleapis.com/v1beta1/projects/-/sites/slack-clone0-fa11d/versions {"status":"CREATED","labels":{"deployment-tool":"cli-firebase"}}
[debug] [2024-05-26T06:40:02.947Z] *** [apiv2] error from fetch(https://firebasehosting.googleapis.com/v1beta1/projects/-/sites/slack-clone0-fa11d/versions, {"headers":{},"method":"POST","body":"{\"status\":\"CREATED\",\"labels\":{\"deployment-tool\":\"cli-firebase\"}}"}): FetchError: request to https://firebasehosting.googleapis.com/v1beta1/projects/-/sites/slack-clone0-fa11d/versions failed, reason: getaddrinfo ENOTFOUND firebasehosting.googleapis.com
[debug] [2024-05-26T06:40:07.966Z] Error: Timed out.
    at Timeout._onTimeout (C:\Users\Lenovo\AppData\Roaming\npm\node_modules\firebase-tools\lib\utils.js:267:49)
    at listOnTimeout (node:internal/timers:573:17)
    at process.processTimers (node:internal/timers:514:7)
[error] 
[error] Error: An unexpected error has occurred.
